<?xml version="1.0" encoding="UTF-8"?>
<!-- Generated by org.testng.reporters.JUnitReportReporter -->
<testsuite hostname="OCL0181414" name="testngrecap.paracticeTNG2" tests="1" failures="0" timestamp="2 Apr 2021 04:35:01 GMT" time="16.135" errors="0">
  <testcase name="clickOnSell" time="16.135" classname="testngrecap.paracticeTNG2"/>
</testsuite> <!-- testngrecap.paracticeTNG2 -->
