<?xml version="1.0" encoding="UTF-8"?>
<!-- Generated by org.testng.reporters.JUnitReportReporter -->
<testsuite hostname="OCL0181414" name="testngrecap.paracticeTNG3" tests="1" failures="0" timestamp="2 Apr 2021 04:20:45 GMT" time="0.001" errors="0">
  <testcase name="setup" time="0.001" classname="testngrecap.paracticeTNG3"/>
</testsuite> <!-- testngrecap.paracticeTNG3 -->
