<?xml version="1.0" encoding="UTF-8"?>
<!-- Generated by org.testng.reporters.JUnitReportReporter -->
<testsuite skipped="0" hostname="OCL0181414" name="testngrecap.paracticeTNG1" tests="1" failures="0" timestamp="02 Apr 2021 04:52:21 GMT" time="26.146" errors="0">
  <testcase name="checkIphonePrice" time="26.146" classname="testngrecap.paracticeTNG1"/>
</testsuite> <!-- testngrecap.paracticeTNG1 -->
