<?xml version="1.0" encoding="UTF-8"?>
<!-- Generated by org.testng.reporters.JUnitReportReporter -->
<testsuite skipped="0" hostname="OCL0181414" name="testngrecap.paracticeTNG2" tests="1" failures="0" timestamp="02 Apr 2021 04:52:21 GMT" time="16.036" errors="0">
  <testcase name="clickOnSell" time="16.036" classname="testngrecap.paracticeTNG2"/>
</testsuite> <!-- testngrecap.paracticeTNG2 -->
